<?xml version="1.0" encoding="UTF-8"?>
<!-- Generated by org.testng.reporters.JUnitXMLReporter -->
<testsuite ignored="0" hostname="App" failures="0" tests="1" name="Surefire test" time="0.313" errors="0" timestamp="2024-12-16T22:04:30 ICT">
  <testcase classname="com.thoaikx.BaseWeb" name="@BeforeTest preCondition" time="-1.734361470394E9">
    <failure type="org.testng.TestNGException" message="
Parameter &amp;apos;browser&amp;apos; is required by BeforeTest on method preCondition but has not been marked @Optional or defined
">
      <![CDATA[org.testng.TestNGException: 
Parameter 'browser' is required by BeforeTest on method preCondition but has not been marked @Optional or defined

... Removed 26 stack frames]]>
    </failure>
  </testcase> <!-- @BeforeTest preCondition -->
  <testcase classname="com.thoaikx.BaseWeb" name="@AfterTest postCondition" time="0.0">
    <skipped/>
  </testcase> <!-- @AfterTest postCondition -->
  <testcase classname="com.thoaikx.Test01" name="test02" time="0.001">
    <skipped/>
  </testcase> <!-- test02 -->
</testsuite> <!-- Surefire test -->
